<?xml version="1.0" encoding="UTF-8"?>
<!-- Generated by org.testng.reporters.JUnitReportReporter -->
<testsuite hostname="NDC-DEV-01" name="org.elasticsearch.thrift.test.SimpleThriftTests" tests="2" failures="0" timestamp="10 Apr 2013 06:46:33 GMT" time="10.812" errors="0">
  <testcase name="testThreadPoolServer" time="3.951" classname="org.elasticsearch.thrift.test.SimpleThriftTests"/>
  <testcase name="testNonblockingServer" time="6.861" classname="org.elasticsearch.thrift.test.SimpleThriftTests"/>
</testsuite>
